# JRE version: OpenJDK Runtime Environment (8.0_242-b01) (build 1.8.0_242-release-1644-b01)
# Java VM: OpenJDK 64-Bit Server VM (25.242-b01 mixed mode windows-amd64 compressed oops)
Heap:
 PSYoungGen      total 474112K, used 252854K [0x00000000d5580000, 0x00000000f9c80000, 0x0000000100000000)
  eden space 427008K, 51% used [0x00000000d5580000,0x00000000e2aff358,0x00000000ef680000)
  from space 47104K, 72% used [0x00000000f6e80000,0x00000000f8fee4d8,0x00000000f9c80000)
  to   space 31744K, 0% used [0x00000000ef680000,0x00000000ef680000,0x00000000f1580000)
 ParOldGen       total 208384K, used 91618K [0x0000000080000000, 0x000000008cb80000, 0x00000000d5580000)
  object space 208384K, 43% used [0x0000000080000000,0x0000000085978a98,0x000000008cb80000)
 Metaspace       used 113642K, capacity 119316K, committed 119576K, reserved 1153024K
  class space    used 14779K, capacity 15904K, committed 15912K, reserved 1048576K
GC Heap History (10 events):
Event: 26.012 GC heap before
{Heap before GC invocations=20 (full 3):
 PSYoungGen      total 384512K, used 365139K [0x00000000d5580000, 0x00000000ee680000, 0x0000000100000000)
  eden space 359424K, 100% used [0x00000000d5580000,0x00000000eb480000,0x00000000eb480000)
  from space 25088K, 22% used [0x00000000ecc00000,0x00000000ed194cc8,0x00000000ee480000)
  to   space 24064K, 0% used [0x00000000eb480000,0x00000000eb480000,0x00000000ecc00000)
 ParOldGen       total 116736K, used 59599K [0x0000000080000000, 0x0000000087200000, 0x00000000d5580000)
  object space 116736K, 51% used [0x0000000080000000,0x0000000083a33ff0,0x0000000087200000)
 Metaspace       used 73141K, capacity 76420K, committed 76696K, reserved 1116160K
  class space    used 9944K, capacity 10620K, committed 10664K, reserved 1048576K
Event: 26.026 GC heap after
Heap after GC invocations=20 (full 3):
 PSYoungGen      total 383488K, used 12455K [0x00000000d5580000, 0x00000000f2d00000, 0x0000000100000000)
  eden space 359424K, 0% used [0x00000000d5580000,0x00000000d5580000,0x00000000eb480000)
  from space 24064K, 51% used [0x00000000eb480000,0x00000000ec0a9f50,0x00000000ecc00000)
  to   space 24064K, 0% used [0x00000000f1580000,0x00000000f1580000,0x00000000f2d00000)
 ParOldGen       total 116736K, used 61901K [0x0000000080000000, 0x0000000087200000, 0x00000000d5580000)
  object space 116736K, 53% used [0x0000000080000000,0x0000000083c73700,0x0000000087200000)
 Metaspace       used 73141K, capacity 76420K, committed 76696K, reserved 1116160K
  class space    used 9944K, capacity 10620K, committed 10664K, reserved 1048576K
}
Event: 32.841 GC heap before
{Heap before GC invocations=21 (full 3):
 PSYoungGen      total 383488K, used 371879K [0x00000000d5580000, 0x00000000f2d00000, 0x0000000100000000)
  eden space 359424K, 100% used [0x00000000d5580000,0x00000000eb480000,0x00000000eb480000)
  from space 24064K, 51% used [0x00000000eb480000,0x00000000ec0a9f50,0x00000000ecc00000)
  to   space 24064K, 0% used [0x00000000f1580000,0x00000000f1580000,0x00000000f2d00000)
 ParOldGen       total 116736K, used 61901K [0x0000000080000000, 0x0000000087200000, 0x00000000d5580000)
  object space 116736K, 53% used [0x0000000080000000,0x0000000083c73700,0x0000000087200000)
 Metaspace       used 78288K, capacity 82088K, committed 82200K, reserved 1120256K
  class space    used 10525K, capacity 11282K, committed 11304K, reserved 1048576K
Event: 32.878 GC heap after
Heap after GC invocations=21 (full 3):
 PSYoungGen      total 451072K, used 24053K [0x00000000d5580000, 0x00000000f3500000, 0x0000000100000000)
  eden space 427008K, 0% used [0x00000000d5580000,0x00000000d5580000,0x00000000ef680000)
  from space 24064K, 99% used [0x00000000f1580000,0x00000000f2cfd720,0x00000000f2d00000)
  to   space 31744K, 0% used [0x00000000ef680000,0x00000000ef680000,0x00000000f1580000)
 ParOldGen       total 116736K, used 72551K [0x0000000080000000, 0x0000000087200000, 0x00000000d5580000)
  object space 116736K, 62% used [0x0000000080000000,0x00000000846d9cb0,0x0000000087200000)
 Metaspace       used 78288K, capacity 82088K, committed 82200K, reserved 1120256K
  class space    used 10525K, capacity 11282K, committed 11304K, reserved 1048576K
}
Event: 379.283 GC heap before
{Heap before GC invocations=22 (full 3):
 PSYoungGen      total 451072K, used 451061K [0x00000000d5580000, 0x00000000f3500000, 0x0000000100000000)
  eden space 427008K, 100% used [0x00000000d5580000,0x00000000ef680000,0x00000000ef680000)
  from space 24064K, 99% used [0x00000000f1580000,0x00000000f2cfd720,0x00000000f2d00000)
  to   space 31744K, 0% used [0x00000000ef680000,0x00000000ef680000,0x00000000f1580000)
 ParOldGen       total 116736K, used 72551K [0x0000000080000000, 0x0000000087200000, 0x00000000d5580000)
  object space 116736K, 62% used [0x0000000080000000,0x00000000846d9cb0,0x0000000087200000)
 Metaspace       used 87142K, capacity 91544K, committed 91672K, reserved 1128448K
  class space    used 11438K, capacity 12318K, committed 12328K, reserved 1048576K
Event: 382.260 GC heap after
Heap after GC invocations=22 (full 3):
 PSYoungGen      total 458752K, used 31738K [0x00000000d5580000, 0x00000000f9c80000, 0x0000000100000000)
  eden space 427008K, 0% used [0x00000000d5580000,0x00000000d5580000,0x00000000ef680000)
  from space 31744K, 99% used [0x00000000ef680000,0x00000000f157ea50,0x00000000f1580000)
  to   space 47104K, 0% used [0x00000000f6e80000,0x00000000f6e80000,0x00000000f9c80000)
 ParOldGen       total 116736K, used 99858K [0x0000000080000000, 0x0000000087200000, 0x00000000d5580000)
  object space 116736K, 85% used [0x0000000080000000,0x0000000086184ae0,0x0000000087200000)
 Metaspace       used 87142K, capacity 91544K, committed 91672K, reserved 1128448K
  class space    used 11438K, capacity 12318K, committed 12328K, reserved 1048576K
}
Event: 382.262 GC heap before
{Heap before GC invocations=23 (full 4):
 PSYoungGen      total 458752K, used 31738K [0x00000000d5580000, 0x00000000f9c80000, 0x0000000100000000)
  eden space 427008K, 0% used [0x00000000d5580000,0x00000000d5580000,0x00000000ef680000)
  from space 31744K, 99% used [0x00000000ef680000,0x00000000f157ea50,0x00000000f1580000)
  to   space 47104K, 0% used [0x00000000f6e80000,0x00000000f6e80000,0x00000000f9c80000)
 ParOldGen       total 116736K, used 99858K [0x0000000080000000, 0x0000000087200000, 0x00000000d5580000)
  object space 116736K, 85% used [0x0000000080000000,0x0000000086184ae0,0x0000000087200000)
 Metaspace       used 87142K, capacity 91544K, committed 91672K, reserved 1128448K
  class space    used 11438K, capacity 12318K, committed 12328K, reserved 1048576K
Event: 385.015 GC heap after
Heap after GC invocations=23 (full 4):
 PSYoungGen      total 458752K, used 0K [0x00000000d5580000, 0x00000000f9c80000, 0x0000000100000000)
  eden space 427008K, 0% used [0x00000000d5580000,0x00000000d5580000,0x00000000ef680000)
  from space 31744K, 0% used [0x00000000ef680000,0x00000000ef680000,0x00000000f1580000)
  to   space 47104K, 0% used [0x00000000f6e80000,0x00000000f6e80000,0x00000000f9c80000)
 ParOldGen       total 208384K, used 91602K [0x0000000080000000, 0x000000008cb80000, 0x00000000d5580000)
  object space 208384K, 43% used [0x0000000080000000,0x0000000085974a98,0x000000008cb80000)
 Metaspace       used 87041K, capacity 91248K, committed 91672K, reserved 1128448K
  class space    used 11405K, capacity 12260K, committed 12328K, reserved 1048576K
}
Event: 441.600 GC heap before
{Heap before GC invocations=24 (full 4):
 PSYoungGen      total 458752K, used 427008K [0x00000000d5580000, 0x00000000f9c80000, 0x0000000100000000)
  eden space 427008K, 100% used [0x00000000d5580000,0x00000000ef680000,0x00000000ef680000)
  from space 31744K, 0% used [0x00000000ef680000,0x00000000ef680000,0x00000000f1580000)
  to   space 47104K, 0% used [0x00000000f6e80000,0x00000000f6e80000,0x00000000f9c80000)
 ParOldGen       total 208384K, used 91602K [0x0000000080000000, 0x000000008cb80000, 0x00000000d5580000)
  object space 208384K, 43% used [0x0000000080000000,0x0000000085974a98,0x000000008cb80000)
 Metaspace       used 104713K, capacity 109420K, committed 109720K, reserved 1144832K
  class space    used 13507K, capacity 14440K, committed 14504K, reserved 1048576K
Event: 442.193 GC heap after
Heap after GC invocations=24 (full 4):
 PSYoungGen      total 474112K, used 34233K [0x00000000d5580000, 0x00000000f9c80000, 0x0000000100000000)
  eden space 427008K, 0% used [0x00000000d5580000,0x00000000d5580000,0x00000000ef680000)
  from space 47104K, 72% used [0x00000000f6e80000,0x00000000f8fee4d8,0x00000000f9c80000)
  to   space 31744K, 0% used [0x00000000ef680000,0x00000000ef680000,0x00000000f1580000)
 ParOldGen       total 208384K, used 91618K [0x0000000080000000, 0x000000008cb80000, 0x00000000d5580000)
  object space 208384K, 43% used [0x0000000080000000,0x0000000085978a98,0x000000008cb80000)
 Metaspace       used 104713K, capacity 109420K, committed 109720K, reserved 1144832K
  class space    used 13507K, capacity 14440K, committed 14504K, reserved 1048576K
}

